<?xml version="1.0" encoding="UTF-8"?>
<!-- Generated by org.testng.reporters.JUnitReportReporter -->
<testsuite skipped="0" hostname="Mehedis-MacBook-Pro.local" name="Instafin.TestSuit_Accounts" tests="1" failures="0" timestamp="27 Jun 2018 21:35:01 GMT" time="3.275" errors="0">
  <testcase name="Edit_Accounts" time="3.275" classname="Instafin.TestSuit_Accounts"/>
</testsuite> <!-- testSuits.Instafin.TestSuit_Accounts -->
