<?xml version="1.0" encoding="UTF-8"?>
<!-- Generated by org.testng.reporters.JUnitReportReporter -->
<testsuite skipped="0" hostname="Mehedis-MacBook-Pro.local" name="Instafin.TestSuit_Reports" tests="1" failures="0" timestamp="26 Jun 2018 21:02:14 GMT" time="3.550" errors="0">
  <testcase name="filter_error_message_date" time="3.550" classname="Instafin.TestSuit_Reports"/>
</testsuite> <!-- testSuits.Instafin.TestSuit_Reports -->
