<?xml version="1.0" encoding="UTF-8"?>
<!-- Generated by org.testng.reporters.JUnitReportReporter -->
<testsuite skipped="0" hostname="Mehedis-MacBook-Pro.local" name="Instafin.TestSuit_BulkActions" tests="1" failures="0" timestamp="01 Jul 2018 02:36:37 GMT" time="27.299" errors="0">
  <testcase name="CombineSheet_Enter_Payments" time="27.299" classname="Instafin.TestSuit_BulkActions"/>
</testsuite> <!-- testSuits.Instafin.TestSuit_BulkActions -->
