<?xml version="1.0" encoding="UTF-8"?>
<!-- Generated by org.testng.reporters.JUnitReportReporter -->
<testsuite skipped="0" hostname="Mehedis-MacBook-Pro.local" name="Instafin.TestSuit_Create" tests="1" failures="0" timestamp="26 Jun 2018 19:43:18 GMT" time="34.591" errors="0">
  <testcase name="Verify_Required_Messages_Corporate" time="34.591" classname="Instafin.TestSuit_Create"/>
</testsuite> <!-- testSuits.Instafin.TestSuit_Create -->
